
09/28/2017 02:03:04 PM    File:transaction.py   User:test   Deposit:500
09/28/2017 02:06:47 PM    File:transaction.py   User:test   Transfer_user:dog    Transfer_account:1
09/28/2017 02:09:21 PM    File:transaction.py   User:test   Enchashment:1
09/28/2017 02:10:47 PM    File:transaction.py   User:test   Account_inquiry
09/28/2017 02:16:06 PM    File:transaction.py   User:test   Account_inquiry
09/28/2017 02:16:29 PM    File:transaction.py   User:test   Deposit:1
09/28/2017 02:17:12 PM    File:transaction.py   User:test   Enchashment:100
09/28/2017 02:22:28 PM    File:transaction.py   User:test   Enchashment:100
09/28/2017 02:23:41 PM    File:transaction.py   User:test   Enchashment:100
09/28/2017 02:26:06 PM    File:auth.py   User:test Successful user login !!!
09/28/2017 02:26:11 PM    File:transaction.py   User:test   Deposit:1
09/28/2017 02:26:24 PM    File:transaction.py   User:test   Transfer_user:dog    Transfer_deposit:1
09/28/2017 02:26:27 PM    File:transaction.py   User:test   Enchashment:1
09/28/2017 02:26:34 PM    File:transaction.py   User:test   Account_inquiry
09/28/2017 02:36:20 PM    File:auth.py   User:test Successful user login !!!
09/28/2017 02:36:24 PM    File:transaction.py   User:test   Deposit:1
09/28/2017 02:37:20 PM    File:auth.py   User:test Successful user login !!!
09/28/2017 02:37:59 PM    File:auth.py   User:test Successful user login !!!
09/28/2017 02:38:28 PM    File:auth.py   User:test Successful user login !!!
09/28/2017 03:43:02 PM    File:auth.py   User:test Successful user login !!!
09/28/2017 05:18:08 PM    File:auth.py   User:test Successful user login !!!
09/28/2017 05:21:02 PM    File:auth.py   User:test Successful user login !!!
09/28/2017 05:21:14 PM    File:transaction.py   User:test   Deposit:1
09/28/2017 05:24:55 PM    File:auth.py   User:test Successful user login !!!
09/28/2017 05:27:52 PM    File:auth.py   User:test Successful user login !!!
09/28/2017 05:30:08 PM    File:auth.py   User:test Successful user login !!!
09/28/2017 05:31:06 PM    File:auth.py   User:dog Successful user login !!!
09/28/2017 05:31:31 PM    File:auth.py   User:dog Successful user login !!!
09/28/2017 05:32:13 PM    File:auth.py   User:dog Successful user login !!!
09/28/2017 05:32:32 PM    File:auth.py   User:test Successful user login !!!
09/28/2017 05:32:39 PM    File:auth.py   User:test Successful user login !!!
10/03/2017 04:49:05 PM    File:auth.py   User:test Successful user login !!!
10/03/2017 04:53:03 PM    File:auth.py   User:test Successful user login !!!
10/03/2017 04:53:16 PM    File:auth.py   User:test Successful user login !!!
10/03/2017 04:53:44 PM    File:auth.py   User:test Successful user login !!!
10/03/2017 04:54:53 PM    File:auth.py   User:test Successful user login !!!
10/03/2017 05:15:42 PM    File:auth.py   User:test Successful user login !!!
10/03/2017 05:17:19 PM    File:auth.py   User:test Successful user login !!!
10/03/2017 05:18:21 PM    File:auth.py   User:test Successful user login !!!
10/03/2017 05:22:27 PM    File:auth.py   User:test Successful user login !!!
10/03/2017 05:25:01 PM    File:auth.py   User:test Successful user login !!!
10/03/2017 05:28:39 PM    File:auth.py   User:test Successful user login !!!
10/03/2017 05:32:30 PM    File:auth.py   User:test Successful user login !!!
10/03/2017 05:33:26 PM    File:auth.py   User:dog Successful user login !!!
10/03/2017 05:33:58 PM    File:auth.py   User:dog Successful user login !!!
10/03/2017 05:34:48 PM    File:auth.py   User:dog Successful user login !!!
10/03/2017 05:35:30 PM    File:auth.py   User:dog Successful user login !!!
10/03/2017 05:36:07 PM    File:auth.py   User:xsk Successful user login !!!
10/03/2017 05:38:04 PM    File:transaction.py   User:xsk   Deposit:10000
10/03/2017 05:38:18 PM    File:auth.py   User:xsk Successful user login !!!
10/06/2017 09:02:29 AM    File:auth.py   User:kevin Successful user login !!!
10/06/2017 09:03:03 AM    File:auth.py   User:kevin Successful user login !!!
10/06/2017 09:03:50 AM    File:auth.py   User:kevin Successful user login !!!
10/06/2017 09:04:12 AM    File:auth.py   User:kevin Successful user login !!!
10/06/2017 09:04:19 AM    File:transaction.py   User:kevin   Deposit:10000
10/06/2017 09:04:29 AM    File:transaction.py   User:kevin   Transfer_user:xsk    Transfer_deposit:100
10/06/2017 09:04:38 AM    File:transaction.py   User:kevin   Enchashment:100
10/06/2017 09:04:44 AM    File:transaction.py   User:kevin   Account_inquiry
06/05/2019 04:26:18 PM    File:auth.py   User:root Successful user login !!!
06/05/2019 04:26:32 PM    File:transaction.py   User:root   Deposit:100
06/05/2019 04:27:12 PM    File:transaction.py   User:root   Transfer_user:xsk    Transfer_deposit:100
06/05/2019 04:27:20 PM    File:transaction.py   User:root   Account_inquiry
